2025-11-26 16:24:21,567 - INFO - Starting to fetch blocks 15055000 to 15064900
2025-11-26 16:24:21,568 - INFO - Total blocks to fetch: 9901
2025-11-26 16:24:21,568 - INFO - Output file: /Users/ulyssepavloff/Desktop/Nethermind/taiko-fee-analysis/data/data_cache/real_july_2022_spike_data.csv
2025-11-26 16:24:56,270 - INFO - Progress: 0.5% | Block 15055046 | Rate: 1.4 blocks/sec | ETA: 2.0h
2025-11-26 16:25:26,604 - INFO - Progress: 0.7% | Block 15055069 | Rate: 0.8 blocks/sec | ETA: 3.6h
2025-11-26 16:25:56,734 - INFO - Progress: 0.9% | Block 15055093 | Rate: 0.8 blocks/sec | ETA: 3.4h
2025-11-26 16:26:32,541 - INFO - Progress: 1.2% | Block 15055122 | Rate: 0.8 blocks/sec | ETA: 3.4h
2025-11-26 16:27:05,601 - INFO - Progress: 1.5% | Block 15055151 | Rate: 0.9 blocks/sec | ETA: 3.1h
2025-11-26 16:27:36,279 - INFO - Progress: 1.9% | Block 15055184 | Rate: 1.1 blocks/sec | ETA: 2.5h
2025-11-26 16:28:06,471 - INFO - Progress: 2.2% | Block 15055212 | Rate: 0.9 blocks/sec | ETA: 2.9h
2025-11-26 16:28:36,947 - INFO - Progress: 2.7% | Block 15055264 | Rate: 1.7 blocks/sec | ETA: 1.6h
2025-11-26 16:29:07,716 - INFO - Progress: 3.2% | Block 15055311 | Rate: 1.5 blocks/sec | ETA: 1.7h
2025-11-26 16:29:43,931 - INFO - Progress: 3.8% | Block 15055371 | Rate: 1.7 blocks/sec | ETA: 1.6h
2025-11-26 16:30:15,007 - INFO - Progress: 4.1% | Block 15055407 | Rate: 1.2 blocks/sec | ETA: 2.3h
2025-11-26 16:30:46,779 - INFO - Progress: 4.3% | Block 15055425 | Rate: 0.6 blocks/sec | ETA: 4.6h
2025-11-26 16:31:16,992 - INFO - Progress: 4.5% | Block 15055448 | Rate: 0.8 blocks/sec | ETA: 3.4h
2025-11-26 16:31:58,842 - INFO - Progress: 4.8% | Block 15055471 | Rate: 0.5 blocks/sec | ETA: 4.8h
2025-11-26 16:32:28,945 - INFO - Progress: 5.0% | Block 15055496 | Rate: 0.8 blocks/sec | ETA: 3.1h
2025-11-26 16:33:03,844 - INFO - Progress: 5.3% | Block 15055522 | Rate: 0.7 blocks/sec | ETA: 3.5h
2025-11-26 16:33:40,454 - INFO - Progress: 5.7% | Block 15055561 | Rate: 1.1 blocks/sec | ETA: 2.4h
2025-11-26 16:34:10,814 - INFO - Progress: 5.8% | Block 15055570 | Rate: 0.3 blocks/sec | ETA: 8.7h
2025-11-26 16:34:41,042 - INFO - Progress: 6.2% | Block 15055614 | Rate: 1.5 blocks/sec | ETA: 1.8h
2025-11-26 16:35:17,766 - INFO - Progress: 6.9% | Block 15055682 | Rate: 1.9 blocks/sec | ETA: 1.4h
2025-11-26 16:35:47,866 - INFO - Progress: 7.3% | Block 15055722 | Rate: 1.3 blocks/sec | ETA: 1.9h
2025-11-26 16:36:19,225 - INFO - Progress: 7.8% | Block 15055772 | Rate: 1.6 blocks/sec | ETA: 1.6h
2025-11-26 16:37:00,335 - WARNING - RPC error: {'message': 'no response', 'code': -32603}
2025-11-26 16:37:02,603 - INFO - Progress: 8.4% | Block 15055827 | Rate: 1.3 blocks/sec | ETA: 2.0h
2025-11-26 16:37:37,382 - INFO - Progress: 8.6% | Block 15055850 | Rate: 0.7 blocks/sec | ETA: 3.8h
2025-11-26 16:38:20,878 - INFO - Progress: 9.0% | Block 15055887 | Rate: 0.9 blocks/sec | ETA: 2.9h
2025-11-26 16:38:57,128 - INFO - Progress: 9.2% | Block 15055909 | Rate: 0.6 blocks/sec | ETA: 4.1h
2025-11-26 16:39:27,729 - INFO - Progress: 9.5% | Block 15055942 | Rate: 1.1 blocks/sec | ETA: 2.3h
2025-11-26 16:40:01,644 - INFO - Progress: 9.7% | Block 15055964 | Rate: 0.6 blocks/sec | ETA: 3.8h
2025-11-26 16:40:32,115 - INFO - Progress: 10.0% | Block 15055992 | Rate: 0.9 blocks/sec | ETA: 2.7h
2025-11-26 16:41:07,260 - INFO - Progress: 10.2% | Block 15056013 | Rate: 0.6 blocks/sec | ETA: 4.1h
2025-11-26 16:41:43,827 - INFO - Progress: 10.7% | Block 15056055 | Rate: 1.1 blocks/sec | ETA: 2.1h
2025-11-26 16:42:15,625 - INFO - Progress: 10.8% | Block 15056072 | Rate: 0.5 blocks/sec | ETA: 4.6h
2025-11-26 16:42:45,647 - INFO - Progress: 11.0% | Block 15056091 | Rate: 0.6 blocks/sec | ETA: 3.9h
2025-11-26 16:43:15,869 - INFO - Progress: 11.4% | Block 15056131 | Rate: 1.3 blocks/sec | ETA: 1.8h
2025-11-26 16:43:46,278 - INFO - Progress: 11.8% | Block 15056169 | Rate: 1.2 blocks/sec | ETA: 1.9h
2025-11-26 16:44:16,449 - INFO - Progress: 12.3% | Block 15056219 | Rate: 1.7 blocks/sec | ETA: 1.5h
2025-11-26 16:44:51,477 - INFO - Progress: 12.7% | Block 15056252 | Rate: 0.9 blocks/sec | ETA: 2.5h
2025-11-26 16:57:57,971 - WARNING - Retrying (Retry(total=4, connect=None, read=None, redirect=None, status=None)) after connection broken by 'ReadTimeoutError("HTTPSConnectionPool(host='eth.llamarpc.com', port=443): Read timed out. (read timeout=30)")': /
2025-11-26 16:57:58,362 - INFO - Progress: 12.9% | Block 15056281 | Rate: 0.0 blocks/sec | ETA: 65.0h
2025-11-26 16:58:31,050 - INFO - Progress: 13.4% | Block 15056323 | Rate: 1.3 blocks/sec | ETA: 1.9h
2025-11-26 16:59:05,741 - INFO - Progress: 13.7% | Block 15056352 | Rate: 0.8 blocks/sec | ETA: 2.8h
2025-11-26 16:59:35,806 - INFO - Progress: 14.2% | Block 15056400 | Rate: 1.6 blocks/sec | ETA: 1.5h
2025-11-26 17:00:05,918 - INFO - Progress: 14.3% | Block 15056416 | Rate: 0.5 blocks/sec | ETA: 4.4h
2025-11-26 17:00:45,563 - INFO - Progress: 14.6% | Block 15056441 | Rate: 0.6 blocks/sec | ETA: 3.7h
2025-11-26 17:01:16,676 - INFO - Progress: 14.7% | Block 15056459 | Rate: 0.6 blocks/sec | ETA: 4.1h
2025-11-26 17:01:46,779 - INFO - Progress: 15.2% | Block 15056500 | Rate: 1.4 blocks/sec | ETA: 1.7h
2025-11-26 17:02:17,354 - INFO - Progress: 15.5% | Block 15056536 | Rate: 1.2 blocks/sec | ETA: 2.0h
2025-11-26 17:02:52,132 - INFO - Progress: 15.7% | Block 15056554 | Rate: 0.5 blocks/sec | ETA: 4.5h
2025-11-26 17:03:22,236 - INFO - Progress: 15.9% | Block 15056571 | Rate: 0.6 blocks/sec | ETA: 4.1h
2025-11-26 17:03:52,244 - INFO - Progress: 16.2% | Block 15056604 | Rate: 1.1 blocks/sec | ETA: 2.1h
2025-11-26 17:04:23,856 - INFO - Progress: 16.6% | Block 15056643 | Rate: 1.2 blocks/sec | ETA: 1.9h
2025-11-26 17:04:54,062 - INFO - Progress: 16.9% | Block 15056676 | Rate: 1.1 blocks/sec | ETA: 2.1h
2025-11-26 17:05:24,265 - INFO - Progress: 17.5% | Block 15056733 | Rate: 1.9 blocks/sec | ETA: 1.2h
2025-11-26 17:05:54,607 - INFO - Progress: 18.0% | Block 15056781 | Rate: 1.6 blocks/sec | ETA: 1.4h
2025-11-26 17:06:27,671 - INFO - Progress: 18.2% | Block 15056801 | Rate: 0.6 blocks/sec | ETA: 3.7h
2025-11-26 17:06:57,907 - INFO - Progress: 18.6% | Block 15056843 | Rate: 1.4 blocks/sec | ETA: 1.6h
2025-11-26 17:07:28,356 - INFO - Progress: 18.9% | Block 15056866 | Rate: 0.8 blocks/sec | ETA: 3.0h
2025-11-26 17:07:58,416 - INFO - Progress: 19.4% | Block 15056915 | Rate: 1.6 blocks/sec | ETA: 1.4h
2025-11-26 17:08:34,001 - INFO - Progress: 19.6% | Block 15056935 | Rate: 0.6 blocks/sec | ETA: 3.9h
2025-11-26 17:09:06,700 - INFO - Progress: 19.9% | Block 15056972 | Rate: 1.1 blocks/sec | ETA: 1.9h
2025-11-26 17:09:40,792 - INFO - Progress: 20.3% | Block 15057006 | Rate: 1.0 blocks/sec | ETA: 2.2h
2025-11-26 17:10:18,066 - INFO - Progress: 20.5% | Block 15057025 | Rate: 0.5 blocks/sec | ETA: 4.3h
2025-11-26 17:10:50,875 - INFO - Progress: 20.8% | Block 15057062 | Rate: 1.1 blocks/sec | ETA: 1.9h
2025-11-26 17:11:13,878 - WARNING - RPC error: {'message': 'no response', 'code': -32603}
2025-11-26 17:11:26,629 - INFO - Progress: 21.2% | Block 15057095 | Rate: 0.9 blocks/sec | ETA: 2.3h
2025-11-26 17:12:01,808 - INFO - Progress: 21.4% | Block 15057117 | Rate: 0.6 blocks/sec | ETA: 3.5h
2025-11-26 17:12:40,362 - INFO - Progress: 21.6% | Block 15057133 | Rate: 0.4 blocks/sec | ETA: 5.2h
2025-11-26 17:13:10,629 - INFO - Progress: 22.2% | Block 15057195 | Rate: 2.0 blocks/sec | ETA: 1.0h
2025-11-26 17:13:41,293 - INFO - Progress: 22.5% | Block 15057226 | Rate: 1.0 blocks/sec | ETA: 2.1h
2025-11-26 17:14:12,454 - INFO - Progress: 22.7% | Block 15057249 | Rate: 0.7 blocks/sec | ETA: 2.9h
2025-11-26 17:14:44,108 - INFO - Progress: 23.0% | Block 15057272 | Rate: 0.7 blocks/sec | ETA: 2.9h
2025-11-26 17:15:14,205 - INFO - Progress: 23.4% | Block 15057312 | Rate: 1.3 blocks/sec | ETA: 1.6h
2025-11-26 17:15:44,829 - INFO - Progress: 23.8% | Block 15057352 | Rate: 1.3 blocks/sec | ETA: 1.6h
2025-11-26 17:16:27,663 - INFO - Progress: 23.9% | Block 15057365 | Rate: 0.3 blocks/sec | ETA: 6.9h
2025-11-26 17:16:57,749 - INFO - Progress: 24.2% | Block 15057394 | Rate: 1.0 blocks/sec | ETA: 2.2h
2025-11-26 17:17:27,838 - INFO - Progress: 24.4% | Block 15057414 | Rate: 0.7 blocks/sec | ETA: 3.1h
2025-11-26 17:17:58,052 - INFO - Progress: 24.8% | Block 15057451 | Rate: 1.2 blocks/sec | ETA: 1.7h
2025-11-26 17:18:34,871 - INFO - Progress: 25.0% | Block 15057474 | Rate: 0.6 blocks/sec | ETA: 3.3h
2025-11-26 17:19:10,258 - INFO - Progress: 25.3% | Block 15057506 | Rate: 0.9 blocks/sec | ETA: 2.3h
2025-11-26 17:19:45,522 - INFO - Progress: 25.6% | Block 15057535 | Rate: 0.8 blocks/sec | ETA: 2.5h
2025-11-26 17:20:17,598 - INFO - Progress: 25.9% | Block 15057567 | Rate: 1.0 blocks/sec | ETA: 2.0h
2025-11-26 17:20:50,408 - INFO - Progress: 26.5% | Block 15057618 | Rate: 1.6 blocks/sec | ETA: 1.3h
2025-11-26 17:21:20,438 - INFO - Progress: 26.8% | Block 15057650 | Rate: 1.1 blocks/sec | ETA: 1.9h
2025-11-26 17:21:51,353 - INFO - Progress: 27.3% | Block 15057698 | Rate: 1.6 blocks/sec | ETA: 1.3h
2025-11-26 17:22:24,670 - INFO - Progress: 27.5% | Block 15057721 | Rate: 0.7 blocks/sec | ETA: 2.9h
2025-11-26 17:22:56,532 - INFO - Progress: 27.7% | Block 15057743 | Rate: 0.7 blocks/sec | ETA: 2.9h
2025-11-26 17:23:24,900 - WARNING - RPC error: {'message': 'no response', 'code': -32603}
2025-11-26 17:23:32,164 - INFO - Progress: 28.0% | Block 15057776 | Rate: 0.9 blocks/sec | ETA: 2.1h
2025-11-26 17:24:04,685 - INFO - Progress: 28.3% | Block 15057797 | Rate: 0.6 blocks/sec | ETA: 3.1h
2025-11-26 17:24:41,573 - INFO - Progress: 28.6% | Block 15057831 | Rate: 0.9 blocks/sec | ETA: 2.1h
2025-11-26 17:25:11,617 - INFO - Progress: 29.1% | Block 15057885 | Rate: 1.8 blocks/sec | ETA: 1.1h
2025-11-26 17:25:41,620 - INFO - Progress: 29.4% | Block 15057913 | Rate: 0.9 blocks/sec | ETA: 2.1h
2025-11-26 17:26:11,675 - INFO - Progress: 29.7% | Block 15057940 | Rate: 0.9 blocks/sec | ETA: 2.2h
2025-11-26 17:26:41,793 - INFO - Progress: 30.1% | Block 15057978 | Rate: 1.3 blocks/sec | ETA: 1.5h
2025-11-26 17:27:12,507 - INFO - Progress: 30.3% | Block 15057996 | Rate: 0.6 blocks/sec | ETA: 3.3h
2025-11-26 17:27:42,509 - INFO - Progress: 30.4% | Block 15058013 | Rate: 0.6 blocks/sec | ETA: 3.4h
2025-11-26 17:28:12,859 - INFO - Progress: 30.6% | Block 15058032 | Rate: 0.6 blocks/sec | ETA: 3.0h
2025-11-26 17:28:48,561 - INFO - Progress: 31.0% | Block 15058064 | Rate: 0.9 blocks/sec | ETA: 2.1h
2025-11-26 17:29:18,570 - INFO - Progress: 31.2% | Block 15058092 | Rate: 0.9 blocks/sec | ETA: 2.0h
2025-11-26 17:29:48,862 - INFO - Progress: 31.5% | Block 15058117 | Rate: 0.8 blocks/sec | ETA: 2.3h
2025-11-26 17:30:24,044 - INFO - Progress: 31.7% | Block 15058134 | Rate: 0.5 blocks/sec | ETA: 3.9h
2025-11-26 17:30:54,126 - INFO - Progress: 32.0% | Block 15058166 | Rate: 1.1 blocks/sec | ETA: 1.8h
2025-11-26 17:31:29,975 - INFO - Progress: 32.3% | Block 15058193 | Rate: 0.8 blocks/sec | ETA: 2.5h
2025-11-26 17:32:00,216 - INFO - Progress: 32.7% | Block 15058236 | Rate: 1.4 blocks/sec | ETA: 1.3h
2025-11-26 17:32:34,374 - INFO - Progress: 32.8% | Block 15058251 | Rate: 0.4 blocks/sec | ETA: 4.2h
2025-11-26 17:33:07,719 - INFO - Progress: 33.1% | Block 15058281 | Rate: 0.9 blocks/sec | ETA: 2.0h
2025-11-26 17:33:43,015 - WARNING - RPC error: {'message': 'no response', 'code': -32603}
2025-11-26 17:33:43,288 - INFO - Progress: 33.3% | Block 15058296 | Rate: 0.4 blocks/sec | ETA: 4.3h
2025-11-26 17:34:18,214 - INFO - Progress: 33.5% | Block 15058313 | Rate: 0.5 blocks/sec | ETA: 3.8h
2025-11-26 17:34:49,745 - INFO - Progress: 34.0% | Block 15058366 | Rate: 1.7 blocks/sec | ETA: 1.1h
2025-11-26 17:35:23,753 - INFO - Progress: 34.4% | Block 15058409 | Rate: 1.3 blocks/sec | ETA: 1.4h
2025-11-26 17:35:56,010 - INFO - Progress: 34.7% | Block 15058430 | Rate: 0.7 blocks/sec | ETA: 2.8h
2025-11-26 17:36:26,113 - INFO - Progress: 35.2% | Block 15058481 | Rate: 1.7 blocks/sec | ETA: 1.1h
2025-11-26 17:36:56,120 - INFO - Progress: 35.6% | Block 15058523 | Rate: 1.4 blocks/sec | ETA: 1.3h
2025-11-26 17:37:27,046 - INFO - Progress: 36.0% | Block 15058567 | Rate: 1.4 blocks/sec | ETA: 1.2h
2025-11-26 17:38:01,642 - INFO - Progress: 36.3% | Block 15058590 | Rate: 0.7 blocks/sec | ETA: 2.6h
2025-11-26 17:38:31,836 - INFO - Progress: 36.6% | Block 15058622 | Rate: 1.1 blocks/sec | ETA: 1.6h
2025-11-26 17:39:07,407 - INFO - Progress: 36.8% | Block 15058647 | Rate: 0.7 blocks/sec | ETA: 2.5h
2025-11-26 17:39:42,328 - INFO - Progress: 37.2% | Block 15058680 | Rate: 0.9 blocks/sec | ETA: 1.8h
2025-11-26 17:40:13,908 - INFO - Progress: 37.5% | Block 15058710 | Rate: 1.0 blocks/sec | ETA: 1.8h
2025-11-26 17:40:48,487 - INFO - Progress: 37.7% | Block 15058733 | Rate: 0.7 blocks/sec | ETA: 2.6h
2025-11-26 17:41:24,027 - INFO - Progress: 38.1% | Block 15058767 | Rate: 1.0 blocks/sec | ETA: 1.8h
2025-11-26 17:41:54,069 - INFO - Progress: 38.3% | Block 15058790 | Rate: 0.8 blocks/sec | ETA: 2.2h
2025-11-26 17:42:59,303 - INFO - Progress: 38.4% | Block 15058798 | Rate: 0.1 blocks/sec | ETA: 13.8h
2025-11-26 17:43:29,330 - INFO - Progress: 38.7% | Block 15058831 | Rate: 1.1 blocks/sec | ETA: 1.5h
2025-11-26 17:44:09,125 - INFO - Progress: 39.4% | Block 15058896 | Rate: 1.6 blocks/sec | ETA: 1.0h
2025-11-26 17:44:39,463 - INFO - Progress: 39.6% | Block 15058923 | Rate: 0.9 blocks/sec | ETA: 1.9h
2025-11-26 17:45:09,651 - INFO - Progress: 40.0% | Block 15058956 | Rate: 1.1 blocks/sec | ETA: 1.5h
2025-11-26 17:45:40,902 - INFO - Progress: 40.2% | Block 15058978 | Rate: 0.7 blocks/sec | ETA: 2.3h
2025-11-26 17:46:13,197 - INFO - Progress: 40.5% | Block 15059007 | Rate: 0.9 blocks/sec | ETA: 1.8h
2025-11-26 17:46:44,315 - INFO - Progress: 40.7% | Block 15059032 | Rate: 0.8 blocks/sec | ETA: 2.0h
2025-11-26 17:47:14,520 - INFO - Progress: 41.1% | Block 15059066 | Rate: 1.1 blocks/sec | ETA: 1.4h
2025-11-26 17:47:47,382 - INFO - Progress: 41.4% | Block 15059096 | Rate: 0.9 blocks/sec | ETA: 1.8h
2025-11-26 17:48:22,786 - INFO - Progress: 41.7% | Block 15059130 | Rate: 1.0 blocks/sec | ETA: 1.7h
2025-11-26 17:48:56,624 - INFO - Progress: 42.1% | Block 15059167 | Rate: 1.1 blocks/sec | ETA: 1.5h
2025-11-26 17:49:28,691 - INFO - Progress: 42.6% | Block 15059215 | Rate: 1.5 blocks/sec | ETA: 1.1h
2025-11-26 17:49:58,761 - INFO - Progress: 42.9% | Block 15059248 | Rate: 1.1 blocks/sec | ETA: 1.4h
2025-11-26 17:50:29,189 - INFO - Progress: 43.2% | Block 15059281 | Rate: 1.1 blocks/sec | ETA: 1.4h
2025-11-26 17:51:06,425 - INFO - Progress: 43.4% | Block 15059298 | Rate: 0.5 blocks/sec | ETA: 3.4h
2025-11-26 17:51:39,354 - INFO - Progress: 43.6% | Block 15059320 | Rate: 0.7 blocks/sec | ETA: 2.3h
2025-11-26 17:52:10,414 - INFO - Progress: 43.9% | Block 15059349 | Rate: 0.9 blocks/sec | ETA: 1.7h
2025-11-26 17:52:42,544 - INFO - Progress: 44.3% | Block 15059389 | Rate: 1.2 blocks/sec | ETA: 1.2h
2025-11-26 17:53:12,783 - INFO - Progress: 44.5% | Block 15059408 | Rate: 0.6 blocks/sec | ETA: 2.4h
2025-11-26 17:53:47,012 - INFO - Progress: 44.7% | Block 15059424 | Rate: 0.5 blocks/sec | ETA: 3.3h
2025-11-26 17:54:18,701 - INFO - Progress: 44.9% | Block 15059442 | Rate: 0.6 blocks/sec | ETA: 2.7h
2025-11-26 17:54:54,532 - INFO - Progress: 45.0% | Block 15059458 | Rate: 0.4 blocks/sec | ETA: 3.4h
2025-11-26 17:55:24,693 - INFO - Progress: 45.3% | Block 15059481 | Rate: 0.8 blocks/sec | ETA: 2.0h
2025-11-26 17:55:54,955 - INFO - Progress: 45.5% | Block 15059507 | Rate: 0.9 blocks/sec | ETA: 1.7h
2025-11-26 17:56:25,001 - INFO - Progress: 45.8% | Block 15059531 | Rate: 0.8 blocks/sec | ETA: 1.9h
2025-11-26 17:56:55,184 - INFO - Progress: 46.1% | Block 15059560 | Rate: 1.0 blocks/sec | ETA: 1.5h
2025-11-26 17:57:30,178 - INFO - Progress: 46.5% | Block 15059606 | Rate: 1.3 blocks/sec | ETA: 1.1h
2025-11-26 17:58:05,396 - INFO - Progress: 47.1% | Block 15059662 | Rate: 1.6 blocks/sec | ETA: 54.9m
2025-11-26 17:58:38,557 - INFO - Progress: 47.4% | Block 15059696 | Rate: 1.0 blocks/sec | ETA: 1.4h
2025-11-26 17:59:08,597 - INFO - Progress: 47.8% | Block 15059728 | Rate: 1.1 blocks/sec | ETA: 1.3h
2025-11-26 17:59:48,814 - INFO - Progress: 48.2% | Block 15059774 | Rate: 1.1 blocks/sec | ETA: 1.2h
2025-11-26 18:00:18,930 - INFO - Progress: 48.5% | Block 15059801 | Rate: 0.9 blocks/sec | ETA: 1.6h
2025-11-26 18:00:53,306 - INFO - Progress: 48.8% | Block 15059830 | Rate: 0.8 blocks/sec | ETA: 1.7h
2025-11-26 18:01:23,311 - INFO - Progress: 49.1% | Block 15059859 | Rate: 1.0 blocks/sec | ETA: 1.4h
2025-11-26 18:02:00,383 - INFO - Progress: 49.4% | Block 15059888 | Rate: 0.8 blocks/sec | ETA: 1.8h
2025-11-26 18:02:31,876 - INFO - Progress: 49.6% | Block 15059913 | Rate: 0.8 blocks/sec | ETA: 1.7h
2025-11-26 18:03:05,007 - INFO - Progress: 49.8% | Block 15059931 | Rate: 0.5 blocks/sec | ETA: 2.5h
2025-11-26 18:03:42,908 - INFO - Progress: 50.2% | Block 15059966 | Rate: 0.9 blocks/sec | ETA: 1.5h
2025-11-26 18:04:14,349 - INFO - Progress: 50.4% | Block 15059994 | Rate: 0.9 blocks/sec | ETA: 1.5h
2025-11-26 18:04:48,400 - INFO - Progress: 50.8% | Block 15060028 | Rate: 1.0 blocks/sec | ETA: 1.4h
2025-11-26 18:05:20,495 - INFO - Progress: 51.0% | Block 15060046 | Rate: 0.6 blocks/sec | ETA: 2.4h
2025-11-26 18:05:50,499 - INFO - Progress: 51.4% | Block 15060089 | Rate: 1.4 blocks/sec | ETA: 55.9m
2025-11-26 18:06:23,200 - INFO - Progress: 51.9% | Block 15060141 | Rate: 1.6 blocks/sec | ETA: 49.9m
2025-11-26 18:06:53,367 - INFO - Progress: 52.1% | Block 15060159 | Rate: 0.6 blocks/sec | ETA: 2.2h
2025-11-26 18:07:26,051 - INFO - Progress: 52.4% | Block 15060187 | Rate: 0.9 blocks/sec | ETA: 1.5h
2025-11-26 18:07:56,688 - INFO - Progress: 52.7% | Block 15060217 | Rate: 1.0 blocks/sec | ETA: 1.3h
2025-11-26 18:08:33,102 - INFO - Progress: 53.1% | Block 15060257 | Rate: 1.1 blocks/sec | ETA: 1.2h
2025-11-26 18:09:06,681 - INFO - Progress: 53.7% | Block 15060312 | Rate: 1.6 blocks/sec | ETA: 46.7m
2025-11-26 18:09:43,712 - INFO - Progress: 54.2% | Block 15060365 | Rate: 1.4 blocks/sec | ETA: 52.8m
2025-11-26 18:10:14,028 - INFO - Progress: 54.4% | Block 15060384 | Rate: 0.6 blocks/sec | ETA: 2.0h
2025-11-26 18:10:47,385 - INFO - Progress: 54.8% | Block 15060424 | Rate: 1.2 blocks/sec | ETA: 1.0h
2025-11-26 18:11:19,991 - INFO - Progress: 55.0% | Block 15060445 | Rate: 0.6 blocks/sec | ETA: 1.9h
2025-11-26 18:11:51,237 - INFO - Progress: 55.3% | Block 15060474 | Rate: 0.9 blocks/sec | ETA: 1.3h
2025-11-26 18:12:32,504 - INFO - Progress: 55.7% | Block 15060513 | Rate: 0.9 blocks/sec | ETA: 1.3h
2025-11-26 18:13:07,773 - INFO - Progress: 56.2% | Block 15060564 | Rate: 1.4 blocks/sec | ETA: 50.0m
2025-11-26 18:13:38,994 - INFO - Progress: 56.4% | Block 15060586 | Rate: 0.7 blocks/sec | ETA: 1.7h
2025-11-26 18:14:16,608 - INFO - Progress: 56.6% | Block 15060606 | Rate: 0.5 blocks/sec | ETA: 2.2h
2025-11-26 18:14:51,966 - INFO - Progress: 57.1% | Block 15060649 | Rate: 1.2 blocks/sec | ETA: 58.3m
2025-11-26 18:15:22,111 - INFO - Progress: 57.6% | Block 15060699 | Rate: 1.7 blocks/sec | ETA: 42.2m
2025-11-26 18:15:52,161 - INFO - Progress: 58.0% | Block 15060741 | Rate: 1.4 blocks/sec | ETA: 49.6m
2025-11-26 18:16:28,599 - INFO - Progress: 58.4% | Block 15060786 | Rate: 1.2 blocks/sec | ETA: 55.5m
2025-11-26 18:17:57,616 - INFO - Progress: 59.2% | Block 15060859 | Rate: 0.8 blocks/sec | ETA: 1.4h
2025-11-26 18:18:33,148 - INFO - Progress: 59.7% | Block 15060914 | Rate: 1.5 blocks/sec | ETA: 42.9m
2025-11-26 18:19:08,891 - INFO - Progress: 60.1% | Block 15060951 | Rate: 1.0 blocks/sec | ETA: 1.1h
2025-11-26 18:19:42,617 - INFO - Progress: 60.5% | Block 15060993 | Rate: 1.2 blocks/sec | ETA: 52.3m
2025-11-26 18:20:14,852 - INFO - Progress: 60.8% | Block 15061018 | Rate: 0.8 blocks/sec | ETA: 1.4h
2025-11-26 18:21:25,115 - INFO - Progress: 61.0% | Block 15061043 | Rate: 0.4 blocks/sec | ETA: 3.0h
2025-11-26 18:28:59,611 - WARNING - Retrying (Retry(total=4, connect=None, read=None, redirect=None, status=None)) after connection broken by 'ReadTimeoutError("HTTPSConnectionPool(host='eth.llamarpc.com', port=443): Read timed out. (read timeout=30)")': /
2025-11-26 18:28:59,766 - INFO - Progress: 61.3% | Block 15061065 | Rate: 0.0 blocks/sec | ETA: 22.0h
2025-11-26 18:29:30,092 - INFO - Progress: 61.3% | Block 15061073 | Rate: 0.3 blocks/sec | ETA: 4.0h
2025-11-26 18:30:01,053 - INFO - Progress: 61.8% | Block 15061118 | Rate: 1.5 blocks/sec | ETA: 43.4m
2025-11-26 18:30:31,103 - INFO - Progress: 62.0% | Block 15061138 | Rate: 0.7 blocks/sec | ETA: 1.6h
2025-11-26 18:31:03,414 - WARNING - RPC error: {'message': 'no response', 'code': -32603}
2025-11-26 18:31:10,847 - INFO - Progress: 62.3% | Block 15061166 | Rate: 0.7 blocks/sec | ETA: 1.5h
2025-11-26 18:31:40,907 - INFO - Progress: 62.5% | Block 15061185 | Rate: 0.6 blocks/sec | ETA: 1.6h
2025-11-26 18:32:24,333 - WARNING - RPC error: {'message': 'no response', 'code': -32603}
2025-11-26 18:32:31,611 - INFO - Progress: 62.7% | Block 15061208 | Rate: 0.5 blocks/sec | ETA: 2.3h
2025-11-26 18:33:05,546 - INFO - Progress: 63.2% | Block 15061253 | Rate: 1.3 blocks/sec | ETA: 45.8m
2025-11-26 18:33:35,782 - INFO - Progress: 63.4% | Block 15061279 | Rate: 0.9 blocks/sec | ETA: 1.2h
2025-11-26 18:34:15,345 - WARNING - RPC error: {'message': 'no response', 'code': -32603}
2025-11-26 18:34:23,188 - INFO - Progress: 63.6% | Block 15061292 | Rate: 0.3 blocks/sec | ETA: 3.7h
2025-11-26 18:34:58,880 - INFO - Progress: 63.9% | Block 15061324 | Rate: 0.9 blocks/sec | ETA: 1.1h
2025-11-26 18:35:29,512 - INFO - Progress: 64.1% | Block 15061343 | Rate: 0.6 blocks/sec | ETA: 1.6h
2025-11-26 18:36:01,373 - INFO - Progress: 64.2% | Block 15061354 | Rate: 0.3 blocks/sec | ETA: 2.9h
2025-11-26 18:36:27,710 - WARNING - RPC error: {'message': 'no response', 'code': -32603}
2025-11-26 18:36:31,530 - INFO - Progress: 64.4% | Block 15061377 | Rate: 0.8 blocks/sec | ETA: 1.3h
2025-11-26 18:37:07,990 - INFO - Progress: 64.5% | Block 15061390 | Rate: 0.4 blocks/sec | ETA: 2.7h
2025-11-26 18:37:39,152 - INFO - Progress: 64.8% | Block 15061416 | Rate: 0.8 blocks/sec | ETA: 1.2h
2025-11-26 18:38:15,459 - INFO - Progress: 65.1% | Block 15061440 | Rate: 0.7 blocks/sec | ETA: 1.5h
2025-11-26 18:38:45,751 - INFO - Progress: 65.5% | Block 15061484 | Rate: 1.5 blocks/sec | ETA: 39.2m
2025-11-26 18:39:18,301 - INFO - Progress: 66.0% | Block 15061533 | Rate: 1.5 blocks/sec | ETA: 37.3m
2025-11-26 18:39:48,915 - INFO - Progress: 66.3% | Block 15061560 | Rate: 0.9 blocks/sec | ETA: 1.1h
2025-11-26 18:40:20,385 - INFO - Progress: 66.5% | Block 15061587 | Rate: 0.9 blocks/sec | ETA: 1.1h
2025-11-26 18:40:55,640 - INFO - Progress: 66.8% | Block 15061613 | Rate: 0.7 blocks/sec | ETA: 1.2h
2025-11-26 18:41:31,865 - INFO - Progress: 67.1% | Block 15061642 | Rate: 0.8 blocks/sec | ETA: 1.1h
2025-11-26 18:42:01,998 - INFO - Progress: 67.6% | Block 15061691 | Rate: 1.6 blocks/sec | ETA: 32.9m
2025-11-26 18:43:10,585 - INFO - Progress: 67.8% | Block 15061713 | Rate: 0.3 blocks/sec | ETA: 2.8h
2025-11-26 18:43:41,409 - INFO - Progress: 68.1% | Block 15061738 | Rate: 0.8 blocks/sec | ETA: 1.1h
2025-11-26 18:44:15,201 - INFO - Progress: 68.4% | Block 15061769 | Rate: 0.9 blocks/sec | ETA: 56.9m
2025-11-26 18:44:45,242 - INFO - Progress: 68.9% | Block 15061816 | Rate: 1.6 blocks/sec | ETA: 32.9m
2025-11-26 18:45:49,597 - INFO - Progress: 68.9% | Block 15061820 | Rate: 0.1 blocks/sec | ETA: 13.8h
2025-11-26 18:46:22,671 - INFO - Progress: 69.5% | Block 15061876 | Rate: 1.7 blocks/sec | ETA: 29.8m
2025-11-26 18:46:53,166 - INFO - Progress: 69.7% | Block 15061896 | Rate: 0.7 blocks/sec | ETA: 1.3h
2025-11-26 18:47:27,647 - INFO - Progress: 69.9% | Block 15061919 | Rate: 0.7 blocks/sec | ETA: 1.2h
2025-11-26 18:48:01,172 - INFO - Progress: 70.2% | Block 15061954 | Rate: 1.0 blocks/sec | ETA: 47.0m
2025-11-26 18:48:31,193 - INFO - Progress: 70.7% | Block 15062000 | Rate: 1.5 blocks/sec | ETA: 31.5m
2025-11-26 18:49:01,376 - INFO - Progress: 71.0% | Block 15062031 | Rate: 1.0 blocks/sec | ETA: 46.6m
2025-11-26 18:49:35,432 - INFO - Progress: 71.4% | Block 15062066 | Rate: 1.0 blocks/sec | ETA: 46.0m
2025-11-26 18:50:50,020 - INFO - Progress: 71.6% | Block 15062084 | Rate: 0.2 blocks/sec | ETA: 3.2h
2025-11-26 18:51:23,279 - INFO - Progress: 72.1% | Block 15062135 | Rate: 1.5 blocks/sec | ETA: 30.1m
2025-11-26 18:51:53,443 - INFO - Progress: 72.3% | Block 15062161 | Rate: 0.9 blocks/sec | ETA: 53.0m
2025-11-26 18:52:23,467 - INFO - Progress: 72.8% | Block 15062204 | Rate: 1.4 blocks/sec | ETA: 31.4m
2025-11-26 18:52:59,376 - INFO - Progress: 73.1% | Block 15062238 | Rate: 0.9 blocks/sec | ETA: 46.9m
2025-11-26 18:53:34,858 - INFO - Progress: 73.5% | Block 15062281 | Rate: 1.2 blocks/sec | ETA: 36.0m
2025-11-26 18:54:11,446 - INFO - Progress: 73.9% | Block 15062317 | Rate: 1.0 blocks/sec | ETA: 43.8m
2025-11-26 18:54:43,632 - INFO - Progress: 74.2% | Block 15062350 | Rate: 1.0 blocks/sec | ETA: 41.5m
2025-11-26 18:55:17,682 - INFO - Progress: 74.5% | Block 15062374 | Rate: 0.7 blocks/sec | ETA: 59.7m
2025-11-26 18:55:52,570 - INFO - Progress: 75.2% | Block 15062444 | Rate: 2.0 blocks/sec | ETA: 20.4m
2025-11-26 18:56:24,379 - INFO - Progress: 75.5% | Block 15062471 | Rate: 0.8 blocks/sec | ETA: 47.7m
2025-11-26 18:56:55,067 - INFO - Progress: 75.8% | Block 15062500 | Rate: 0.9 blocks/sec | ETA: 42.3m
2025-11-26 18:57:25,940 - INFO - Progress: 76.0% | Block 15062527 | Rate: 0.9 blocks/sec | ETA: 45.2m
2025-11-26 18:58:03,449 - INFO - Progress: 76.4% | Block 15062560 | Rate: 0.9 blocks/sec | ETA: 44.3m
2025-11-26 18:58:36,143 - INFO - Progress: 76.7% | Block 15062593 | Rate: 1.0 blocks/sec | ETA: 38.1m
2025-11-26 18:59:06,449 - INFO - Progress: 77.1% | Block 15062635 | Rate: 1.4 blocks/sec | ETA: 27.2m
2025-11-26 19:00:29,883 - INFO - Progress: 77.5% | Block 15062677 | Rate: 0.5 blocks/sec | ETA: 1.2h
2025-11-26 19:01:04,608 - INFO - Progress: 78.1% | Block 15062732 | Rate: 1.6 blocks/sec | ETA: 22.8m
2025-11-26 19:01:43,138 - INFO - Progress: 78.3% | Block 15062755 | Rate: 0.6 blocks/sec | ETA: 59.9m
2025-11-26 19:02:13,391 - INFO - Progress: 78.7% | Block 15062792 | Rate: 1.2 blocks/sec | ETA: 28.7m
2025-11-26 19:02:43,490 - INFO - Progress: 79.2% | Block 15062839 | Rate: 1.6 blocks/sec | ETA: 22.0m
2025-11-26 19:03:59,691 - INFO - Progress: 79.6% | Block 15062881 | Rate: 0.6 blocks/sec | ETA: 1.0h
2025-11-26 19:04:31,075 - INFO - Progress: 80.0% | Block 15062919 | Rate: 1.2 blocks/sec | ETA: 27.3m
2025-11-26 19:05:04,414 - INFO - Progress: 80.4% | Block 15062958 | Rate: 1.2 blocks/sec | ETA: 27.7m
2025-11-26 19:05:39,262 - INFO - Progress: 80.6% | Block 15062982 | Rate: 0.7 blocks/sec | ETA: 46.4m
2025-11-26 19:06:09,444 - INFO - Progress: 81.0% | Block 15063018 | Rate: 1.2 blocks/sec | ETA: 26.3m
2025-11-26 19:06:42,893 - INFO - Progress: 81.2% | Block 15063035 | Rate: 0.5 blocks/sec | ETA: 1.0h
2025-11-26 19:07:17,667 - INFO - Progress: 81.5% | Block 15063073 | Rate: 1.1 blocks/sec | ETA: 27.9m
2025-11-26 19:07:53,518 - INFO - Progress: 81.9% | Block 15063105 | Rate: 0.9 blocks/sec | ETA: 33.5m
2025-11-26 19:09:08,940 - INFO - Progress: 81.9% | Block 15063110 | Rate: 0.1 blocks/sec | ETA: 7.5h
2025-11-26 19:09:42,058 - INFO - Progress: 82.3% | Block 15063145 | Rate: 1.1 blocks/sec | ETA: 27.5m
2025-11-26 19:10:12,619 - INFO - Progress: 82.6% | Block 15063177 | Rate: 1.1 blocks/sec | ETA: 27.1m
2025-11-26 19:10:43,006 - INFO - Progress: 82.9% | Block 15063207 | Rate: 1.0 blocks/sec | ETA: 28.6m
2025-11-26 19:11:13,234 - INFO - Progress: 83.5% | Block 15063263 | Rate: 1.9 blocks/sec | ETA: 14.7m
2025-11-26 19:11:43,298 - INFO - Progress: 84.0% | Block 15063316 | Rate: 1.8 blocks/sec | ETA: 15.0m
2025-11-26 19:12:18,720 - INFO - Progress: 84.6% | Block 15063378 | Rate: 1.8 blocks/sec | ETA: 14.5m
2025-11-26 19:12:53,592 - INFO - Progress: 84.8% | Block 15063393 | Rate: 0.4 blocks/sec | ETA: 58.4m
2025-11-26 19:13:27,633 - INFO - Progress: 85.1% | Block 15063423 | Rate: 0.9 blocks/sec | ETA: 27.9m
2025-11-26 19:14:01,158 - INFO - Progress: 85.5% | Block 15063463 | Rate: 1.2 blocks/sec | ETA: 20.1m
2025-11-26 19:14:31,274 - INFO - Progress: 85.7% | Block 15063489 | Rate: 0.9 blocks/sec | ETA: 27.2m
2025-11-26 19:15:12,545 - INFO - Progress: 86.4% | Block 15063549 | Rate: 1.5 blocks/sec | ETA: 15.5m
2025-11-26 19:15:43,580 - INFO - Progress: 86.6% | Block 15063572 | Rate: 0.7 blocks/sec | ETA: 29.9m
2025-11-26 19:16:14,685 - INFO - Progress: 86.8% | Block 15063594 | Rate: 0.7 blocks/sec | ETA: 30.8m
2025-11-26 19:16:44,900 - INFO - Progress: 87.2% | Block 15063631 | Rate: 1.2 blocks/sec | ETA: 17.3m
2025-11-26 19:17:17,584 - INFO - Progress: 87.5% | Block 15063667 | Rate: 1.1 blocks/sec | ETA: 18.7m
2025-11-26 19:17:47,627 - INFO - Progress: 87.9% | Block 15063702 | Rate: 1.2 blocks/sec | ETA: 17.1m
2025-11-26 19:18:17,687 - INFO - Progress: 88.4% | Block 15063751 | Rate: 1.6 blocks/sec | ETA: 11.7m
2025-11-26 19:18:47,757 - INFO - Progress: 88.7% | Block 15063782 | Rate: 1.0 blocks/sec | ETA: 18.1m
2025-11-26 19:19:20,123 - INFO - Progress: 89.0% | Block 15063807 | Rate: 0.8 blocks/sec | ETA: 23.6m
2025-11-26 19:19:50,262 - INFO - Progress: 89.1% | Block 15063824 | Rate: 0.6 blocks/sec | ETA: 31.8m
2025-11-26 19:20:20,799 - INFO - Progress: 89.4% | Block 15063852 | Rate: 0.9 blocks/sec | ETA: 19.0m
2025-11-26 19:20:50,972 - INFO - Progress: 89.7% | Block 15063876 | Rate: 0.8 blocks/sec | ETA: 21.5m
2025-11-26 19:21:21,196 - INFO - Progress: 90.2% | Block 15063930 | Rate: 1.8 blocks/sec | ETA: 9.0m
2025-11-26 19:21:57,344 - INFO - Progress: 90.4% | Block 15063954 | Rate: 0.7 blocks/sec | ETA: 23.7m
2025-11-26 19:22:27,506 - INFO - Progress: 90.8% | Block 15063989 | Rate: 1.2 blocks/sec | ETA: 13.1m
2025-11-26 19:23:46,801 - INFO - Progress: 91.1% | Block 15064019 | Rate: 0.4 blocks/sec | ETA: 38.8m
2025-11-26 19:24:19,937 - INFO - Progress: 91.3% | Block 15064038 | Rate: 0.6 blocks/sec | ETA: 25.1m
2025-11-26 19:24:54,221 - INFO - Progress: 91.7% | Block 15064081 | Rate: 1.3 blocks/sec | ETA: 10.9m
2025-11-26 19:25:28,752 - INFO - Progress: 92.1% | Block 15064119 | Rate: 1.1 blocks/sec | ETA: 11.8m
2025-11-26 19:27:01,121 - INFO - Progress: 92.7% | Block 15064175 | Rate: 0.6 blocks/sec | ETA: 19.9m
2025-11-26 19:27:32,233 - INFO - Progress: 92.8% | Block 15064188 | Rate: 0.4 blocks/sec | ETA: 28.4m
2025-11-26 19:28:07,212 - INFO - Progress: 93.2% | Block 15064230 | Rate: 1.2 blocks/sec | ETA: 9.3m
2025-11-26 19:28:49,166 - INFO - Progress: 93.6% | Block 15064268 | Rate: 0.9 blocks/sec | ETA: 11.6m
2025-11-26 19:29:21,717 - INFO - Progress: 93.9% | Block 15064299 | Rate: 1.0 blocks/sec | ETA: 10.5m
2025-11-26 19:30:39,454 - INFO - Progress: 94.2% | Block 15064324 | Rate: 0.3 blocks/sec | ETA: 29.9m
2025-11-26 19:31:12,612 - INFO - Progress: 94.6% | Block 15064361 | Rate: 1.1 blocks/sec | ETA: 8.1m
2025-11-26 19:31:46,508 - INFO - Progress: 95.2% | Block 15064429 | Rate: 2.0 blocks/sec | ETA: 3.9m
2025-11-26 19:32:17,050 - INFO - Progress: 95.5% | Block 15064450 | Rate: 0.7 blocks/sec | ETA: 10.9m
2025-11-26 19:32:48,552 - INFO - Progress: 95.9% | Block 15064495 | Rate: 1.4 blocks/sec | ETA: 4.7m
2025-11-26 19:33:18,829 - INFO - Progress: 96.4% | Block 15064545 | Rate: 1.7 blocks/sec | ETA: 3.6m
2025-11-26 19:33:55,802 - INFO - Progress: 96.8% | Block 15064585 | Rate: 1.1 blocks/sec | ETA: 4.9m
2025-11-26 19:34:37,011 - INFO - Progress: 97.3% | Block 15064634 | Rate: 1.2 blocks/sec | ETA: 3.7m
2025-11-26 19:35:10,359 - INFO - Progress: 97.7% | Block 15064670 | Rate: 1.1 blocks/sec | ETA: 3.6m
2025-11-26 19:35:42,104 - INFO - Progress: 98.1% | Block 15064708 | Rate: 1.2 blocks/sec | ETA: 2.7m
2025-11-26 19:36:18,313 - INFO - Progress: 98.4% | Block 15064742 | Rate: 0.9 blocks/sec | ETA: 2.8m
2025-11-26 19:36:51,944 - INFO - Progress: 98.8% | Block 15064777 | Rate: 1.0 blocks/sec | ETA: 2.0m
2025-11-26 19:37:22,266 - INFO - Progress: 99.4% | Block 15064839 | Rate: 2.0 blocks/sec | ETA: 0.5m
2025-11-26 19:37:53,020 - INFO - Progress: 99.5% | Block 15064850 | Rate: 0.4 blocks/sec | ETA: 2.3m
2025-11-26 19:38:25,193 - INFO - Progress: 99.8% | Block 15064876 | Rate: 0.8 blocks/sec | ETA: 0.5m
2025-11-26 19:38:59,471 - INFO - Progress: 99.9% | Block 15064889 | Rate: 0.4 blocks/sec | ETA: 0.5m
2025-11-26 19:39:02,912 - INFO - Successfully fetched all blocks from 15055000 to 15064900
2025-11-26 19:39:02,912 - INFO - Output saved to: /Users/ulyssepavloff/Desktop/Nethermind/taiko-fee-analysis/data/data_cache/real_july_2022_spike_data.csv
